<?xml version="1.0" encoding="UTF-8"?>
<robot generator="Robot 4.1.3 (Python 3.7.5 on win32)" generated="20220216 15:23:49.703" rpa="true" schemaversion="2">
<suite id="s1" name="Tasks" source="c:\Robocorp\Order Robot Cert\tasks.robot">
<test id="s1-t1" name="Robot de Ordenes">
<kw name="Solicita csv">
<var>${csv_file_path}</var>
<kw name="Add heading" library="RPA.Dialogs">
<arg>Subir archivo</arg>
<doc>Add a centered heading text element</doc>
<status status="PASS" starttime="20220216 15:24:21.970" endtime="20220216 15:24:21.970"/>
</kw>
<kw name="Add file input" library="RPA.Dialogs">
<arg>label=subir archivo</arg>
<arg>name=fileupload</arg>
<arg>file_type= CSV (*.csv)</arg>
<arg>destination=c:\\Robocorp\\Order Robot Cert${/}output</arg>
<tag>input</tag>
<doc>Add a file input element</doc>
<status status="PASS" starttime="20220216 15:24:21.971" endtime="20220216 15:24:21.972"/>
</kw>
<kw name="Run dialog" library="RPA.Dialogs">
<var>${response}</var>
<tag>dialog</tag>
<doc>Create a dialog from all the defined elements and block
until the user has handled it.</doc>
<msg timestamp="20220216 15:24:21.973" level="INFO">Protecting keyword: RPA.Dialogs.Run dialog</msg>
<msg timestamp="20220216 15:26:53.476" level="INFO">Log level changed from NONE to INFO.</msg>
<status status="FAIL" starttime="20220216 15:24:21.973" endtime="20220216 15:26:53.475"/>
</kw>
<status status="FAIL" starttime="20220216 15:24:21.969" endtime="20220216 15:26:53.478"/>
</kw>
<kw name="Descarga csv subido">
<arg>${csv_file_path}</arg>
<status status="NOT RUN" starttime="20220216 15:26:53.479" endtime="20220216 15:26:53.480"/>
</kw>
<kw name="Abre website">
<status status="NOT RUN" starttime="20220216 15:26:53.480" endtime="20220216 15:26:53.481"/>
</kw>
<kw name="click ok">
<status status="NOT RUN" starttime="20220216 15:26:53.481" endtime="20220216 15:26:53.482"/>
</kw>
<kw name="Completar usando CSV">
<status status="NOT RUN" starttime="20220216 15:26:53.482" endtime="20220216 15:26:53.483"/>
</kw>
<kw name="Log" library="BuiltIn">
<arg>Done.</arg>
<doc>Logs the given message with the given level.</doc>
<status status="NOT RUN" starttime="20220216 15:26:53.483" endtime="20220216 15:26:53.484"/>
</kw>
<status status="FAIL" starttime="20220216 15:24:21.967" endtime="20220216 15:26:53.485">Aborted by user</status>
</test>
<doc>Orders robots from RobotSpareBin Industries Inc.
Saves the order HTML receipt as a PDF file.
Saves the screenshot of the ordered robot.
Embeds the screenshot of the robot to the PDF receipt.
Creates ZIP archive of the receipts and the images.</doc>
<status status="FAIL" starttime="20220216 15:23:49.713" endtime="20220216 15:26:53.487"/>
</suite>
<statistics>
<total>
<stat pass="0" fail="1" skip="0">All Tasks</stat>
</total>
<tag>
</tag>
<suite>
<stat pass="0" fail="1" skip="0" id="s1" name="Tasks">Tasks</stat>
</suite>
</statistics>
<errors>
</errors>
</robot>
